<?xml version="1.0" encoding="UTF-8"?>
<testsuite name="com.project.spring.domain.posts.PostsRepositoryTest" tests="2" skipped="0" failures="0" errors="0" timestamp="2021-05-24T13:13:13" hostname="DESKTOP-MBFC1NA" time="0.236">
  <properties/>
  <testcase name="게시글저장_불러오기" classname="com.project.spring.domain.posts.PostsRepositoryTest" time="0.23"/>
  <testcase name="BaseTimeEntity_등록" classname="com.project.spring.domain.posts.PostsRepositoryTest" time="0.006"/>
  <system-out><![CDATA[22:13:07.472 [Test worker] DEBUG org.springframework.test.context.junit4.SpringJUnit4ClassRunner - SpringJUnit4ClassRunner constructor called with [class com.project.spring.domain.posts.PostsRepositoryTest]
22:13:07.476 [Test worker] DEBUG org.springframework.test.context.BootstrapUtils - Instantiating CacheAwareContextLoaderDelegate from class [org.springframework.test.context.cache.DefaultCacheAwareContextLoaderDelegate]
22:13:07.483 [Test worker] DEBUG org.springframework.test.context.BootstrapUtils - Instantiating BootstrapContext using constructor [public org.springframework.test.context.support.DefaultBootstrapContext(java.lang.Class,org.springframework.test.context.CacheAwareContextLoaderDelegate)]
22:13:07.496 [Test worker] DEBUG org.springframework.test.context.BootstrapUtils - Instantiating TestContextBootstrapper for test class [com.project.spring.domain.posts.PostsRepositoryTest] from class [org.springframework.boot.test.context.SpringBootTestContextBootstrapper]
22:13:07.509 [Test worker] INFO org.springframework.boot.test.context.SpringBootTestContextBootstrapper - Neither @ContextConfiguration nor @ContextHierarchy found for test class [com.project.spring.domain.posts.PostsRepositoryTest], using SpringBootContextLoader
22:13:07.512 [Test worker] DEBUG org.springframework.test.context.support.AbstractContextLoader - Did not detect default resource location for test class [com.project.spring.domain.posts.PostsRepositoryTest]: class path resource [com/project/spring/domain/posts/PostsRepositoryTest-context.xml] does not exist
22:13:07.512 [Test worker] DEBUG org.springframework.test.context.support.AbstractContextLoader - Did not detect default resource location for test class [com.project.spring.domain.posts.PostsRepositoryTest]: class path resource [com/project/spring/domain/posts/PostsRepositoryTestContext.groovy] does not exist
22:13:07.512 [Test worker] INFO org.springframework.test.context.support.AbstractContextLoader - Could not detect default resource locations for test class [com.project.spring.domain.posts.PostsRepositoryTest]: no resource found for suffixes {-context.xml, Context.groovy}.
22:13:07.513 [Test worker] INFO org.springframework.test.context.support.AnnotationConfigContextLoaderUtils - Could not detect default configuration classes for test class [com.project.spring.domain.posts.PostsRepositoryTest]: PostsRepositoryTest does not declare any static, non-private, non-final, nested classes annotated with @Configuration.
22:13:07.549 [Test worker] DEBUG org.springframework.test.context.support.ActiveProfilesUtils - Could not find an 'annotation declaring class' for annotation type [org.springframework.test.context.ActiveProfiles] and class [com.project.spring.domain.posts.PostsRepositoryTest]
22:13:07.630 [Test worker] DEBUG org.springframework.context.annotation.ClassPathScanningCandidateComponentProvider - Identified candidate component class: file [C:\Users\sangi\IdeaProjects\SpringBoot_AWS\build\classes\java\main\com\project\spring\Application.class]
22:13:07.631 [Test worker] INFO org.springframework.boot.test.context.SpringBootTestContextBootstrapper - Found @SpringBootConfiguration com.project.spring.Application for test class com.project.spring.domain.posts.PostsRepositoryTest
22:13:07.724 [Test worker] DEBUG org.springframework.boot.test.context.SpringBootTestContextBootstrapper - @TestExecutionListeners is not present for class [com.project.spring.domain.posts.PostsRepositoryTest]: using defaults.
22:13:07.724 [Test worker] INFO org.springframework.boot.test.context.SpringBootTestContextBootstrapper - Loaded default TestExecutionListener class names from location [META-INF/spring.factories]: [org.springframework.security.test.context.support.WithSecurityContextTestExecutionListener, org.springframework.security.test.context.support.ReactorContextTestExecutionListener, org.springframework.boot.test.autoconfigure.restdocs.RestDocsTestExecutionListener, org.springframework.boot.test.autoconfigure.web.client.MockRestServiceServerResetTestExecutionListener, org.springframework.boot.test.autoconfigure.web.servlet.MockMvcPrintOnlyOnFailureTestExecutionListener, org.springframework.boot.test.autoconfigure.web.servlet.WebDriverTestExecutionListener, org.springframework.boot.test.mock.mockito.MockitoTestExecutionListener, org.springframework.boot.test.mock.mockito.ResetMocksTestExecutionListener, org.springframework.test.context.web.ServletTestExecutionListener, org.springframework.test.context.support.DirtiesContextBeforeModesTestExecutionListener, org.springframework.test.context.support.DependencyInjectionTestExecutionListener, org.springframework.test.context.support.DirtiesContextTestExecutionListener, org.springframework.test.context.transaction.TransactionalTestExecutionListener, org.springframework.test.context.jdbc.SqlScriptsTestExecutionListener]
22:13:07.751 [Test worker] INFO org.springframework.boot.test.context.SpringBootTestContextBootstrapper - Using TestExecutionListeners: [org.springframework.test.context.web.ServletTestExecutionListener@23ef77bf, org.springframework.test.context.support.DirtiesContextBeforeModesTestExecutionListener@62b03da7, org.springframework.boot.test.mock.mockito.MockitoTestExecutionListener@3bb92ea, org.springframework.boot.test.autoconfigure.SpringBootDependencyInjectionTestExecutionListener@6aab0c27, org.springframework.test.context.support.DirtiesContextTestExecutionListener@32a1cc42, org.springframework.test.context.transaction.TransactionalTestExecutionListener@511f82b4, org.springframework.test.context.jdbc.SqlScriptsTestExecutionListener@eec66bf, org.springframework.security.test.context.support.WithSecurityContextTestExecutionListener@3c948971, org.springframework.security.test.context.support.ReactorContextTestExecutionListener@eb917d, org.springframework.boot.test.autoconfigure.restdocs.RestDocsTestExecutionListener@2d4ca9f6, org.springframework.boot.test.autoconfigure.web.client.MockRestServiceServerResetTestExecutionListener@4078eb7e, org.springframework.boot.test.autoconfigure.web.servlet.MockMvcPrintOnlyOnFailureTestExecutionListener@583f2d01, org.springframework.boot.test.autoconfigure.web.servlet.WebDriverTestExecutionListener@4833f02, org.springframework.boot.test.mock.mockito.ResetMocksTestExecutionListener@4cc8357d]
22:13:07.753 [Test worker] DEBUG org.springframework.test.annotation.ProfileValueUtils - Retrieved @ProfileValueSourceConfiguration [null] for test class [com.project.spring.domain.posts.PostsRepositoryTest]
22:13:07.753 [Test worker] DEBUG org.springframework.test.annotation.ProfileValueUtils - Retrieved ProfileValueSource type [class org.springframework.test.annotation.SystemProfileValueSource] for class [com.project.spring.domain.posts.PostsRepositoryTest]
22:13:07.753 [Test worker] DEBUG org.springframework.test.annotation.ProfileValueUtils - Retrieved @ProfileValueSourceConfiguration [null] for test class [com.project.spring.domain.posts.PostsRepositoryTest]
22:13:07.753 [Test worker] DEBUG org.springframework.test.annotation.ProfileValueUtils - Retrieved ProfileValueSource type [class org.springframework.test.annotation.SystemProfileValueSource] for class [com.project.spring.domain.posts.PostsRepositoryTest]
22:13:07.757 [Test worker] DEBUG org.springframework.test.context.support.AbstractDirtiesContextTestExecutionListener - Before test class: context [DefaultTestContext@7fc409fe testClass = PostsRepositoryTest, testInstance = [null], testMethod = [null], testException = [null], mergedContextConfiguration = [WebMergedContextConfiguration@1055b9d7 testClass = PostsRepositoryTest, locations = '{}', classes = '{class com.project.spring.Application}', contextInitializerClasses = '[]', activeProfiles = '{}', propertySourceLocations = '{}', propertySourceProperties = '{org.springframework.boot.test.context.SpringBootTestContextBootstrapper=true}', contextCustomizers = set[org.springframework.boot.test.autoconfigure.properties.PropertyMappingContextCustomizer@0, org.springframework.boot.test.autoconfigure.web.servlet.WebDriverContextCustomizerFactory$Customizer@1624ad97, org.springframework.boot.test.context.filter.ExcludeFilterContextCustomizer@3bed9c6e, org.springframework.boot.test.json.DuplicateJsonObjectContextCustomizerFactory$DuplicateJsonObjectContextCustomizer@7b42249b, org.springframework.boot.test.mock.mockito.MockitoContextCustomizer@0, org.springframework.boot.test.web.client.TestRestTemplateContextCustomizer@3bd9475], resourceBasePath = 'src/main/webapp', contextLoader = 'org.springframework.boot.test.context.SpringBootContextLoader', parent = [null]], attributes = map['org.springframework.test.context.web.ServletTestExecutionListener.activateListener' -> true]], class annotated with @DirtiesContext [false] with mode [null].
22:13:07.757 [Test worker] DEBUG org.springframework.test.annotation.ProfileValueUtils - Retrieved @ProfileValueSourceConfiguration [null] for test class [com.project.spring.domain.posts.PostsRepositoryTest]
22:13:07.757 [Test worker] DEBUG org.springframework.test.annotation.ProfileValueUtils - Retrieved ProfileValueSource type [class org.springframework.test.annotation.SystemProfileValueSource] for class [com.project.spring.domain.posts.PostsRepositoryTest]
22:13:07.775 [Test worker] DEBUG org.springframework.test.context.support.TestPropertySourceUtils - Adding inlined properties to environment: {spring.jmx.enabled=false, org.springframework.boot.test.context.SpringBootTestContextBootstrapper=true, server.port=-1}

  .   ____          _            __ _ _
 /\\ / ___'_ __ _ _(_)_ __  __ _ \ \ \ \
( ( )\___ | '_ | '_| | '_ \/ _` | \ \ \ \
 \\/  ___)| |_)| | | | | || (_| |  ) ) ) )
  '  |____| .__|_| |_|_| |_\__, | / / / /
 =========|_|==============|___/=/_/_/_/
 :: Spring Boot ::        (v2.1.7.RELEASE)

2021-05-24 22:13:07.986  INFO 18740 --- [    Test worker] c.p.s.domain.posts.PostsRepositoryTest   : Starting PostsRepositoryTest on DESKTOP-MBFC1NA with PID 18740 (started by sangin in C:\Users\sangi\IdeaProjects\SpringBoot_AWS)
2021-05-24 22:13:07.988  INFO 18740 --- [    Test worker] c.p.s.domain.posts.PostsRepositoryTest   : No active profile set, falling back to default profiles: default
2021-05-24 22:13:08.742  INFO 18740 --- [    Test worker] .s.d.r.c.RepositoryConfigurationDelegate : Bootstrapping Spring Data repositories in DEFAULT mode.
2021-05-24 22:13:08.827  INFO 18740 --- [    Test worker] .s.d.r.c.RepositoryConfigurationDelegate : Finished Spring Data repository scanning in 76ms. Found 2 repository interfaces.
2021-05-24 22:13:09.249  INFO 18740 --- [    Test worker] trationDelegate$BeanPostProcessorChecker : Bean 'org.springframework.transaction.annotation.ProxyTransactionManagementConfiguration' of type [org.springframework.transaction.annotation.ProxyTransactionManagementConfiguration$$EnhancerBySpringCGLIB$$52b810e2] is not eligible for getting processed by all BeanPostProcessors (for example: not eligible for auto-proxying)
2021-05-24 22:13:09.444  INFO 18740 --- [    Test worker] com.zaxxer.hikari.HikariDataSource       : HikariPool-1 - Starting...
2021-05-24 22:13:09.592  INFO 18740 --- [    Test worker] com.zaxxer.hikari.HikariDataSource       : HikariPool-1 - Start completed.
2021-05-24 22:13:09.674  INFO 18740 --- [    Test worker] o.hibernate.jpa.internal.util.LogHelper  : HHH000204: Processing PersistenceUnitInfo [
	name: default
	...]
2021-05-24 22:13:09.750  INFO 18740 --- [    Test worker] org.hibernate.Version                    : HHH000412: Hibernate Core {5.3.10.Final}
2021-05-24 22:13:09.752  INFO 18740 --- [    Test worker] org.hibernate.cfg.Environment            : HHH000206: hibernate.properties not found
2021-05-24 22:13:09.926  INFO 18740 --- [    Test worker] o.hibernate.annotations.common.Version   : HCANN000001: Hibernate Commons Annotations {5.0.4.Final}
2021-05-24 22:13:10.100  INFO 18740 --- [    Test worker] org.hibernate.dialect.Dialect            : HHH000400: Using dialect: org.hibernate.dialect.H2Dialect
2021-05-24 22:13:10.815  INFO 18740 --- [    Test worker] o.h.t.schema.internal.SchemaCreatorImpl  : HHH000476: Executing import script 'org.hibernate.tool.schema.internal.exec.ScriptSourceInputNonExistentImpl@e633971'
2021-05-24 22:13:10.818  INFO 18740 --- [    Test worker] j.LocalContainerEntityManagerFactoryBean : Initialized JPA EntityManagerFactory for persistence unit 'default'
2021-05-24 22:13:11.340  INFO 18740 --- [    Test worker] o.h.h.i.QueryTranslatorFactoryInitiator  : HHH000397: Using ASTQueryTranslatorFactory
2021-05-24 22:13:11.942  INFO 18740 --- [    Test worker] o.s.s.web.DefaultSecurityFilterChain     : Creating filter chain: any request, [org.springframework.security.web.context.request.async.WebAsyncManagerIntegrationFilter@757b0b1a, org.springframework.security.web.context.SecurityContextPersistenceFilter@6e99ec9a, org.springframework.security.web.header.HeaderWriterFilter@57e6c836, org.springframework.security.web.authentication.logout.LogoutFilter@1f144a75, org.springframework.security.oauth2.client.web.OAuth2AuthorizationRequestRedirectFilter@3e8f7f39, org.springframework.security.oauth2.client.web.OAuth2LoginAuthenticationFilter@3b2e3b2d, org.springframework.security.web.authentication.ui.DefaultLoginPageGeneratingFilter@640731cf, org.springframework.security.web.authentication.ui.DefaultLogoutPageGeneratingFilter@6c07bfb, org.springframework.security.web.savedrequest.RequestCacheAwareFilter@77b09bd5, org.springframework.security.web.servletapi.SecurityContextHolderAwareRequestFilter@2e294260, org.springframework.security.web.authentication.AnonymousAuthenticationFilter@66b64a, org.springframework.security.web.session.SessionManagementFilter@5c904212, org.springframework.security.web.access.ExceptionTranslationFilter@7517967e, org.springframework.security.web.access.intercept.FilterSecurityInterceptor@44030f67]
2021-05-24 22:13:12.554  INFO 18740 --- [    Test worker] o.s.s.concurrent.ThreadPoolTaskExecutor  : Initializing ExecutorService 'applicationTaskExecutor'
2021-05-24 22:13:12.622  WARN 18740 --- [    Test worker] aWebConfiguration$JpaWebMvcConfiguration : spring.jpa.open-in-view is enabled by default. Therefore, database queries may be performed during view rendering. Explicitly configure spring.jpa.open-in-view to disable this warning
2021-05-24 22:13:12.670  INFO 18740 --- [    Test worker] o.s.b.a.w.s.WelcomePageHandlerMapping    : Adding welcome page template: index
2021-05-24 22:13:13.328  INFO 18740 --- [    Test worker] s.a.ScheduledAnnotationBeanPostProcessor : No TaskScheduler/ScheduledExecutorService bean found for scheduled processing
2021-05-24 22:13:13.341  INFO 18740 --- [    Test worker] c.p.s.domain.posts.PostsRepositoryTest   : Started PostsRepositoryTest in 5.559 seconds (JVM running for 6.447)
>>>>>>>>>>>> createDate=2021-05-24T22:13:13.592, modifiedDate=2021-05-24T22:13:13.592
]]></system-out>
  <system-err><![CDATA[]]></system-err>
</testsuite>
